<?xml version="1.0" encoding="UTF-8"?>
<testng-results ignored="0" total="24" passed="20" failed="4" skipped="0">
  <reporter-output>
  </reporter-output>
  <suite started-at="2024-06-12T12:02:55 IST" name="Default suite" finished-at="2024-06-12T12:19:32 IST" duration-ms="996939">
    <groups>
    </groups>
    <test started-at="2024-06-12T12:02:55 IST" name="Default test" finished-at="2024-06-12T12:19:32 IST" duration-ms="996939">
      <class name="userpagetest.UserPageTest">
        <test-method is-config="true" signature="StartApp()[pri:0, instance:userpagetest.UserPageTest@1d2adfbe]" started-at="2024-06-12T12:02:55 IST" name="StartApp" finished-at="2024-06-12T12:03:11 IST" duration-ms="15395" status="PASS">
          <reporter-output>
          </reporter-output>
        </test-method> <!-- StartApp -->
        <test-method signature="TestCase()[pri:1, instance:userpagetest.UserPageTest@1d2adfbe]" started-at="2024-06-12T12:03:11 IST" name="TestCase" finished-at="2024-06-12T12:03:25 IST" duration-ms="13751" status="PASS">
          <reporter-output>
          </reporter-output>
        </test-method> <!-- TestCase -->
        <test-method is-config="true" signature="CloseApp()[pri:0, instance:userpagetest.UserPageTest@1d2adfbe]" started-at="2024-06-12T12:03:25 IST" name="CloseApp" finished-at="2024-06-12T12:03:25 IST" duration-ms="681" status="PASS">
          <reporter-output>
          </reporter-output>
        </test-method> <!-- CloseApp -->
        <test-method is-config="true" signature="StartApp()[pri:0, instance:userpagetest.UserPageTest@1d2adfbe]" started-at="2024-06-12T12:03:25 IST" name="StartApp" finished-at="2024-06-12T12:03:32 IST" duration-ms="7201" status="PASS">
          <reporter-output>
          </reporter-output>
        </test-method> <!-- StartApp -->
        <test-method signature="TestCase2()[pri:2, instance:userpagetest.UserPageTest@1d2adfbe]" started-at="2024-06-12T12:03:32 IST" name="TestCase2" finished-at="2024-06-12T12:04:05 IST" duration-ms="32423" status="FAIL">
          <exception class="org.openqa.selenium.NoSuchElementException">
            <message>
              <![CDATA[no such element: Unable to locate element: {"method":"css selector","selector":"#mat\-mdc\-error\-1"}
  (Session info: chrome=125.0.6422.142)
For documentation on this error, please visit: https://www.selenium.dev/documentation/webdriver/troubleshooting/errors#no-such-element-exception
Build info: version: '4.17.0', revision: 'e52b1be057*'
System info: os.name: 'Windows 10', os.arch: 'amd64', os.version: '10.0', java.version: '19.0.2'
Driver info: org.openqa.selenium.chrome.ChromeDriver
Command: [3c5232f255564ab864bc7da4a30c6ea5, findElement {value=mat-mdc-error-1, using=id}]
Capabilities {acceptInsecureCerts: false, browserName: chrome, browserVersion: 125.0.6422.142, chrome: {chromedriverVersion: 125.0.6422.141 (4b1e8393712..., userDataDir: C:\Users\Admin\AppData\Loca...}, fedcm:accounts: true, goog:chromeOptions: {debuggerAddress: localhost:57108}, networkConnectionEnabled: false, pageLoadStrategy: normal, platformName: windows, proxy: Proxy(), se:cdp: ws://localhost:57108/devtoo..., se:cdpVersion: 125.0.6422.142, setWindowRect: true, strictFileInteractability: false, timeouts: {implicit: 0, pageLoad: 300000, script: 30000}, unhandledPromptBehavior: dismiss and notify, webauthn:extension:credBlob: true, webauthn:extension:largeBlob: true, webauthn:extension:minPinLength: true, webauthn:extension:prf: true, webauthn:virtualAuthenticators: true}
Session ID: 3c5232f255564ab864bc7da4a30c6ea5]]>
            </message>
            <full-stacktrace>
              <![CDATA[org.openqa.selenium.NoSuchElementException: no such element: Unable to locate element: {"method":"css selector","selector":"#mat\-mdc\-error\-1"}
  (Session info: chrome=125.0.6422.142)
For documentation on this error, please visit: https://www.selenium.dev/documentation/webdriver/troubleshooting/errors#no-such-element-exception
Build info: version: '4.17.0', revision: 'e52b1be057*'
System info: os.name: 'Windows 10', os.arch: 'amd64', os.version: '10.0', java.version: '19.0.2'
Driver info: org.openqa.selenium.chrome.ChromeDriver
Command: [3c5232f255564ab864bc7da4a30c6ea5, findElement {value=mat-mdc-error-1, using=id}]
Capabilities {acceptInsecureCerts: false, browserName: chrome, browserVersion: 125.0.6422.142, chrome: {chromedriverVersion: 125.0.6422.141 (4b1e8393712..., userDataDir: C:\Users\Admin\AppData\Loca...}, fedcm:accounts: true, goog:chromeOptions: {debuggerAddress: localhost:57108}, networkConnectionEnabled: false, pageLoadStrategy: normal, platformName: windows, proxy: Proxy(), se:cdp: ws://localhost:57108/devtoo..., se:cdpVersion: 125.0.6422.142, setWindowRect: true, strictFileInteractability: false, timeouts: {implicit: 0, pageLoad: 300000, script: 30000}, unhandledPromptBehavior: dismiss and notify, webauthn:extension:credBlob: true, webauthn:extension:largeBlob: true, webauthn:extension:minPinLength: true, webauthn:extension:prf: true, webauthn:virtualAuthenticators: true}
Session ID: 3c5232f255564ab864bc7da4a30c6ea5
at java.base/jdk.internal.reflect.DirectConstructorHandleAccessor.newInstance(DirectConstructorHandleAccessor.java:67)
at java.base/java.lang.reflect.Constructor.newInstanceWithCaller(Constructor.java:500)
at java.base/java.lang.reflect.Constructor.newInstance(Constructor.java:484)
at org.openqa.selenium.remote.codec.w3c.W3CHttpResponseCodec.createException(W3CHttpResponseCodec.java:185)
at org.openqa.selenium.remote.codec.w3c.W3CHttpResponseCodec.decode(W3CHttpResponseCodec.java:134)
at org.openqa.selenium.remote.codec.w3c.W3CHttpResponseCodec.decode(W3CHttpResponseCodec.java:51)
at org.openqa.selenium.remote.HttpCommandExecutor.execute(HttpCommandExecutor.java:190)
at org.openqa.selenium.remote.service.DriverCommandExecutor.invokeExecute(DriverCommandExecutor.java:216)
at org.openqa.selenium.remote.service.DriverCommandExecutor.execute(DriverCommandExecutor.java:174)
at org.openqa.selenium.remote.RemoteWebDriver.execute(RemoteWebDriver.java:519)
at org.openqa.selenium.remote.ElementLocation$ElementFinder$2.findElement(ElementLocation.java:165)
at org.openqa.selenium.remote.ElementLocation.findElement(ElementLocation.java:59)
at org.openqa.selenium.remote.RemoteWebDriver.findElement(RemoteWebDriver.java:356)
at org.openqa.selenium.remote.RemoteWebDriver.findElement(RemoteWebDriver.java:350)
at userpage.LoginPage.ValidationLogin(LoginPage.java:32)
at userpagetest.UserPageTest.TestCase2(UserPageTest.java:52)
at java.base/jdk.internal.reflect.DirectMethodHandleAccessor.invoke(DirectMethodHandleAccessor.java:104)
at java.base/java.lang.reflect.Method.invoke(Method.java:578)
at org.testng.internal.MethodInvocationHelper.invokeMethod(MethodInvocationHelper.java:133)
at org.testng.internal.TestInvoker.invokeMethod(TestInvoker.java:598)
at org.testng.internal.TestInvoker.invokeTestMethod(TestInvoker.java:173)
at org.testng.internal.MethodRunner.runInSequence(MethodRunner.java:46)
at org.testng.internal.TestInvoker$MethodInvocationAgent.invoke(TestInvoker.java:824)
at org.testng.internal.TestInvoker.invokeTestMethods(TestInvoker.java:146)
at org.testng.internal.TestMethodWorker.invokeTestMethods(TestMethodWorker.java:146)
at org.testng.internal.TestMethodWorker.run(TestMethodWorker.java:128)
at java.base/java.util.ArrayList.forEach(ArrayList.java:1511)
at org.testng.TestRunner.privateRun(TestRunner.java:794)
at org.testng.TestRunner.run(TestRunner.java:596)
at org.testng.SuiteRunner.runTest(SuiteRunner.java:377)
at org.testng.SuiteRunner.runSequentially(SuiteRunner.java:371)
at org.testng.SuiteRunner.privateRun(SuiteRunner.java:332)
at org.testng.SuiteRunner.run(SuiteRunner.java:276)
at org.testng.SuiteRunnerWorker.runSuite(SuiteRunnerWorker.java:53)
at org.testng.SuiteRunnerWorker.run(SuiteRunnerWorker.java:96)
at org.testng.TestNG.runSuitesSequentially(TestNG.java:1212)
at org.testng.TestNG.runSuitesLocally(TestNG.java:1134)
at org.testng.TestNG.runSuites(TestNG.java:1063)
at org.testng.TestNG.run(TestNG.java:1031)
at org.testng.remote.AbstractRemoteTestNG.run(AbstractRemoteTestNG.java:115)
at org.testng.remote.RemoteTestNG.initAndRun(RemoteTestNG.java:251)
at org.testng.remote.RemoteTestNG.main(RemoteTestNG.java:77)
]]>
            </full-stacktrace>
          </exception> <!-- org.openqa.selenium.NoSuchElementException -->
          <reporter-output>
          </reporter-output>
        </test-method> <!-- TestCase2 -->
        <test-method is-config="true" signature="CloseApp()[pri:0, instance:userpagetest.UserPageTest@1d2adfbe]" started-at="2024-06-12T12:04:05 IST" name="CloseApp" finished-at="2024-06-12T12:04:05 IST" duration-ms="566" status="PASS">
          <reporter-output>
          </reporter-output>
        </test-method> <!-- CloseApp -->
        <test-method is-config="true" signature="StartApp()[pri:0, instance:userpagetest.UserPageTest@1d2adfbe]" started-at="2024-06-12T12:04:05 IST" name="StartApp" finished-at="2024-06-12T12:04:12 IST" duration-ms="6489" status="PASS">
          <reporter-output>
          </reporter-output>
        </test-method> <!-- StartApp -->
        <test-method signature="TestCase3()[pri:3, instance:userpagetest.UserPageTest@1d2adfbe]" started-at="2024-06-12T12:04:12 IST" name="TestCase3" finished-at="2024-06-12T12:04:24 IST" duration-ms="12527" status="PASS">
          <reporter-output>
          </reporter-output>
        </test-method> <!-- TestCase3 -->
        <test-method is-config="true" signature="CloseApp()[pri:0, instance:userpagetest.UserPageTest@1d2adfbe]" started-at="2024-06-12T12:04:24 IST" name="CloseApp" finished-at="2024-06-12T12:04:25 IST" duration-ms="587" status="PASS">
          <reporter-output>
          </reporter-output>
        </test-method> <!-- CloseApp -->
        <test-method is-config="true" signature="StartApp()[pri:0, instance:userpagetest.UserPageTest@1d2adfbe]" started-at="2024-06-12T12:04:25 IST" name="StartApp" finished-at="2024-06-12T12:04:30 IST" duration-ms="5153" status="PASS">
          <reporter-output>
          </reporter-output>
        </test-method> <!-- StartApp -->
        <test-method signature="TestCase4()[pri:4, instance:userpagetest.UserPageTest@1d2adfbe]" started-at="2024-06-12T12:04:30 IST" name="TestCase4" finished-at="2024-06-12T12:04:47 IST" duration-ms="16992" status="PASS">
          <reporter-output>
          </reporter-output>
        </test-method> <!-- TestCase4 -->
        <test-method is-config="true" signature="CloseApp()[pri:0, instance:userpagetest.UserPageTest@1d2adfbe]" started-at="2024-06-12T12:04:47 IST" name="CloseApp" finished-at="2024-06-12T12:04:48 IST" duration-ms="698" status="PASS">
          <reporter-output>
          </reporter-output>
        </test-method> <!-- CloseApp -->
        <test-method is-config="true" signature="StartApp()[pri:0, instance:userpagetest.UserPageTest@1d2adfbe]" started-at="2024-06-12T12:04:48 IST" name="StartApp" finished-at="2024-06-12T12:04:56 IST" duration-ms="7995" status="PASS">
          <reporter-output>
          </reporter-output>
        </test-method> <!-- StartApp -->
        <test-method signature="TestCase5()[pri:5, instance:userpagetest.UserPageTest@1d2adfbe]" started-at="2024-06-12T12:04:56 IST" name="TestCase5" finished-at="2024-06-12T12:05:01 IST" duration-ms="4697" status="FAIL">
          <exception class="org.openqa.selenium.ElementClickInterceptedException">
            <message>
              <![CDATA[element click intercepted: Element is not clickable at point (634, 756)
  (Session info: chrome=125.0.6422.142)
Build info: version: '4.17.0', revision: 'e52b1be057*'
System info: os.name: 'Windows 10', os.arch: 'amd64', os.version: '10.0', java.version: '19.0.2'
Driver info: org.openqa.selenium.chrome.ChromeDriver
Command: [a7efbeff6a9f2437bc869afffc2c0554, clickElement {id=f.DCA6F0777C50602FCF9D612C6342BC3E.d.12F3F03550E5C7AC2B2C5BBC7BCBB66A.e.30}]
Capabilities {acceptInsecureCerts: false, browserName: chrome, browserVersion: 125.0.6422.142, chrome: {chromedriverVersion: 125.0.6422.141 (4b1e8393712..., userDataDir: C:\Users\Admin\AppData\Loca...}, fedcm:accounts: true, goog:chromeOptions: {debuggerAddress: localhost:57263}, networkConnectionEnabled: false, pageLoadStrategy: normal, platformName: windows, proxy: Proxy(), se:cdp: ws://localhost:57263/devtoo..., se:cdpVersion: 125.0.6422.142, setWindowRect: true, strictFileInteractability: false, timeouts: {implicit: 0, pageLoad: 300000, script: 30000}, unhandledPromptBehavior: dismiss and notify, webauthn:extension:credBlob: true, webauthn:extension:largeBlob: true, webauthn:extension:minPinLength: true, webauthn:extension:prf: true, webauthn:virtualAuthenticators: true}
Element: [[ChromeDriver: chrome on windows (a7efbeff6a9f2437bc869afffc2c0554)] -> xpath: //button[normalize-space()='Submit']]
Session ID: a7efbeff6a9f2437bc869afffc2c0554]]>
            </message>
            <full-stacktrace>
              <![CDATA[org.openqa.selenium.ElementClickInterceptedException: element click intercepted: Element is not clickable at point (634, 756)
  (Session info: chrome=125.0.6422.142)
Build info: version: '4.17.0', revision: 'e52b1be057*'
System info: os.name: 'Windows 10', os.arch: 'amd64', os.version: '10.0', java.version: '19.0.2'
Driver info: org.openqa.selenium.chrome.ChromeDriver
Command: [a7efbeff6a9f2437bc869afffc2c0554, clickElement {id=f.DCA6F0777C50602FCF9D612C6342BC3E.d.12F3F03550E5C7AC2B2C5BBC7BCBB66A.e.30}]
Capabilities {acceptInsecureCerts: false, browserName: chrome, browserVersion: 125.0.6422.142, chrome: {chromedriverVersion: 125.0.6422.141 (4b1e8393712..., userDataDir: C:\Users\Admin\AppData\Loca...}, fedcm:accounts: true, goog:chromeOptions: {debuggerAddress: localhost:57263}, networkConnectionEnabled: false, pageLoadStrategy: normal, platformName: windows, proxy: Proxy(), se:cdp: ws://localhost:57263/devtoo..., se:cdpVersion: 125.0.6422.142, setWindowRect: true, strictFileInteractability: false, timeouts: {implicit: 0, pageLoad: 300000, script: 30000}, unhandledPromptBehavior: dismiss and notify, webauthn:extension:credBlob: true, webauthn:extension:largeBlob: true, webauthn:extension:minPinLength: true, webauthn:extension:prf: true, webauthn:virtualAuthenticators: true}
Element: [[ChromeDriver: chrome on windows (a7efbeff6a9f2437bc869afffc2c0554)] -> xpath: //button[normalize-space()='Submit']]
Session ID: a7efbeff6a9f2437bc869afffc2c0554
at java.base/jdk.internal.reflect.DirectConstructorHandleAccessor.newInstance(DirectConstructorHandleAccessor.java:67)
at java.base/java.lang.reflect.Constructor.newInstanceWithCaller(Constructor.java:500)
at java.base/java.lang.reflect.Constructor.newInstance(Constructor.java:484)
at org.openqa.selenium.remote.codec.w3c.W3CHttpResponseCodec.createException(W3CHttpResponseCodec.java:185)
at org.openqa.selenium.remote.codec.w3c.W3CHttpResponseCodec.decode(W3CHttpResponseCodec.java:134)
at org.openqa.selenium.remote.codec.w3c.W3CHttpResponseCodec.decode(W3CHttpResponseCodec.java:51)
at org.openqa.selenium.remote.HttpCommandExecutor.execute(HttpCommandExecutor.java:190)
at org.openqa.selenium.remote.service.DriverCommandExecutor.invokeExecute(DriverCommandExecutor.java:216)
at org.openqa.selenium.remote.service.DriverCommandExecutor.execute(DriverCommandExecutor.java:174)
at org.openqa.selenium.remote.RemoteWebDriver.execute(RemoteWebDriver.java:519)
at org.openqa.selenium.remote.RemoteWebElement.execute(RemoteWebElement.java:223)
at org.openqa.selenium.remote.RemoteWebElement.click(RemoteWebElement.java:76)
at userpage.TeacherPage.TeacherValForm(TeacherPage.java:54)
at userpagetest.UserPageTest.TestCase5(UserPageTest.java:85)
at java.base/jdk.internal.reflect.DirectMethodHandleAccessor.invoke(DirectMethodHandleAccessor.java:104)
at java.base/java.lang.reflect.Method.invoke(Method.java:578)
at org.testng.internal.MethodInvocationHelper.invokeMethod(MethodInvocationHelper.java:133)
at org.testng.internal.TestInvoker.invokeMethod(TestInvoker.java:598)
at org.testng.internal.TestInvoker.invokeTestMethod(TestInvoker.java:173)
at org.testng.internal.MethodRunner.runInSequence(MethodRunner.java:46)
at org.testng.internal.TestInvoker$MethodInvocationAgent.invoke(TestInvoker.java:824)
at org.testng.internal.TestInvoker.invokeTestMethods(TestInvoker.java:146)
at org.testng.internal.TestMethodWorker.invokeTestMethods(TestMethodWorker.java:146)
at org.testng.internal.TestMethodWorker.run(TestMethodWorker.java:128)
at java.base/java.util.ArrayList.forEach(ArrayList.java:1511)
at org.testng.TestRunner.privateRun(TestRunner.java:794)
at org.testng.TestRunner.run(TestRunner.java:596)
at org.testng.SuiteRunner.runTest(SuiteRunner.java:377)
at org.testng.SuiteRunner.runSequentially(SuiteRunner.java:371)
at org.testng.SuiteRunner.privateRun(SuiteRunner.java:332)
at org.testng.SuiteRunner.run(SuiteRunner.java:276)
at org.testng.SuiteRunnerWorker.runSuite(SuiteRunnerWorker.java:53)
at org.testng.SuiteRunnerWorker.run(SuiteRunnerWorker.java:96)
at org.testng.TestNG.runSuitesSequentially(TestNG.java:1212)
at org.testng.TestNG.runSuitesLocally(TestNG.java:1134)
at org.testng.TestNG.runSuites(TestNG.java:1063)
at org.testng.TestNG.run(TestNG.java:1031)
at org.testng.remote.AbstractRemoteTestNG.run(AbstractRemoteTestNG.java:115)
at org.testng.remote.RemoteTestNG.initAndRun(RemoteTestNG.java:251)
at org.testng.remote.RemoteTestNG.main(RemoteTestNG.java:77)
]]>
            </full-stacktrace>
          </exception> <!-- org.openqa.selenium.ElementClickInterceptedException -->
          <reporter-output>
          </reporter-output>
        </test-method> <!-- TestCase5 -->
        <test-method is-config="true" signature="CloseApp()[pri:0, instance:userpagetest.UserPageTest@1d2adfbe]" started-at="2024-06-12T12:05:01 IST" name="CloseApp" finished-at="2024-06-12T12:05:01 IST" duration-ms="676" status="PASS">
          <reporter-output>
          </reporter-output>
        </test-method> <!-- CloseApp -->
        <test-method is-config="true" signature="StartApp()[pri:0, instance:userpagetest.UserPageTest@1d2adfbe]" started-at="2024-06-12T12:05:01 IST" name="StartApp" finished-at="2024-06-12T12:05:06 IST" duration-ms="5124" status="PASS">
          <reporter-output>
          </reporter-output>
        </test-method> <!-- StartApp -->
        <test-method signature="TestCase6()[pri:6, instance:userpagetest.UserPageTest@1d2adfbe]" started-at="2024-06-12T12:05:06 IST" name="TestCase6" finished-at="2024-06-12T12:05:09 IST" duration-ms="2484" status="PASS">
          <reporter-output>
          </reporter-output>
        </test-method> <!-- TestCase6 -->
        <test-method is-config="true" signature="CloseApp()[pri:0, instance:userpagetest.UserPageTest@1d2adfbe]" started-at="2024-06-12T12:05:09 IST" name="CloseApp" finished-at="2024-06-12T12:05:09 IST" duration-ms="405" status="PASS">
          <reporter-output>
          </reporter-output>
        </test-method> <!-- CloseApp -->
        <test-method is-config="true" signature="StartApp()[pri:0, instance:userpagetest.UserPageTest@1d2adfbe]" started-at="2024-06-12T12:05:09 IST" name="StartApp" finished-at="2024-06-12T12:05:14 IST" duration-ms="5148" status="PASS">
          <reporter-output>
          </reporter-output>
        </test-method> <!-- StartApp -->
        <test-method signature="TestCase7()[pri:7, instance:userpagetest.UserPageTest@1d2adfbe]" started-at="2024-06-12T12:05:14 IST" name="TestCase7" finished-at="2024-06-12T12:05:17 IST" duration-ms="2427" status="PASS">
          <reporter-output>
          </reporter-output>
        </test-method> <!-- TestCase7 -->
        <test-method is-config="true" signature="CloseApp()[pri:0, instance:userpagetest.UserPageTest@1d2adfbe]" started-at="2024-06-12T12:05:17 IST" name="CloseApp" finished-at="2024-06-12T12:05:19 IST" duration-ms="1979" status="PASS">
          <reporter-output>
          </reporter-output>
        </test-method> <!-- CloseApp -->
        <test-method is-config="true" signature="StartApp()[pri:0, instance:userpagetest.UserPageTest@1d2adfbe]" started-at="2024-06-12T12:05:19 IST" name="StartApp" finished-at="2024-06-12T12:05:25 IST" duration-ms="5810" status="PASS">
          <reporter-output>
          </reporter-output>
        </test-method> <!-- StartApp -->
        <test-method signature="TestCase8()[pri:8, instance:userpagetest.UserPageTest@1d2adfbe]" started-at="2024-06-12T12:05:25 IST" name="TestCase8" finished-at="2024-06-12T12:05:26 IST" duration-ms="1694" status="PASS">
          <reporter-output>
          </reporter-output>
        </test-method> <!-- TestCase8 -->
        <test-method is-config="true" signature="CloseApp()[pri:0, instance:userpagetest.UserPageTest@1d2adfbe]" started-at="2024-06-12T12:05:26 IST" name="CloseApp" finished-at="2024-06-12T12:05:27 IST" duration-ms="189" status="PASS">
          <reporter-output>
          </reporter-output>
        </test-method> <!-- CloseApp -->
        <test-method is-config="true" signature="StartApp()[pri:0, instance:userpagetest.UserPageTest@1d2adfbe]" started-at="2024-06-12T12:05:27 IST" name="StartApp" finished-at="2024-06-12T12:05:31 IST" duration-ms="4693" status="PASS">
          <reporter-output>
          </reporter-output>
        </test-method> <!-- StartApp -->
        <test-method signature="TestCase9()[pri:9, instance:userpagetest.UserPageTest@1d2adfbe]" started-at="2024-06-12T12:05:31 IST" name="TestCase9" finished-at="2024-06-12T12:06:08 IST" duration-ms="36671" status="PASS">
          <reporter-output>
          </reporter-output>
        </test-method> <!-- TestCase9 -->
        <test-method is-config="true" signature="CloseApp()[pri:0, instance:userpagetest.UserPageTest@1d2adfbe]" started-at="2024-06-12T12:06:08 IST" name="CloseApp" finished-at="2024-06-12T12:06:08 IST" duration-ms="331" status="PASS">
          <reporter-output>
          </reporter-output>
        </test-method> <!-- CloseApp -->
        <test-method is-config="true" signature="StartApp()[pri:0, instance:userpagetest.UserPageTest@1d2adfbe]" started-at="2024-06-12T12:06:08 IST" name="StartApp" finished-at="2024-06-12T12:06:14 IST" duration-ms="6132" status="PASS">
          <reporter-output>
          </reporter-output>
        </test-method> <!-- StartApp -->
        <test-method signature="TestCase10()[pri:10, instance:userpagetest.UserPageTest@1d2adfbe]" started-at="2024-06-12T12:06:14 IST" name="TestCase10" finished-at="2024-06-12T12:08:49 IST" duration-ms="154109" status="PASS">
          <reporter-output>
          </reporter-output>
        </test-method> <!-- TestCase10 -->
        <test-method is-config="true" signature="CloseApp()[pri:0, instance:userpagetest.UserPageTest@1d2adfbe]" started-at="2024-06-12T12:08:49 IST" name="CloseApp" finished-at="2024-06-12T12:08:49 IST" duration-ms="387" status="PASS">
          <reporter-output>
          </reporter-output>
        </test-method> <!-- CloseApp -->
        <test-method is-config="true" signature="StartApp()[pri:0, instance:userpagetest.UserPageTest@1d2adfbe]" started-at="2024-06-12T12:08:49 IST" name="StartApp" finished-at="2024-06-12T12:08:54 IST" duration-ms="5057" status="PASS">
          <reporter-output>
          </reporter-output>
        </test-method> <!-- StartApp -->
        <test-method signature="TestCase11()[pri:11, instance:userpagetest.UserPageTest@1d2adfbe]" started-at="2024-06-12T12:08:54 IST" name="TestCase11" finished-at="2024-06-12T12:10:15 IST" duration-ms="81376" status="PASS">
          <reporter-output>
          </reporter-output>
        </test-method> <!-- TestCase11 -->
        <test-method is-config="true" signature="CloseApp()[pri:0, instance:userpagetest.UserPageTest@1d2adfbe]" started-at="2024-06-12T12:10:15 IST" name="CloseApp" finished-at="2024-06-12T12:10:16 IST" duration-ms="328" status="PASS">
          <reporter-output>
          </reporter-output>
        </test-method> <!-- CloseApp -->
        <test-method is-config="true" signature="StartApp()[pri:0, instance:userpagetest.UserPageTest@1d2adfbe]" started-at="2024-06-12T12:10:16 IST" name="StartApp" finished-at="2024-06-12T12:10:19 IST" duration-ms="3328" status="PASS">
          <reporter-output>
          </reporter-output>
        </test-method> <!-- StartApp -->
        <test-method signature="TestCase12()[pri:12, instance:userpagetest.UserPageTest@1d2adfbe]" started-at="2024-06-12T12:10:19 IST" name="TestCase12" finished-at="2024-06-12T12:11:29 IST" duration-ms="69880" status="FAIL">
          <exception class="org.openqa.selenium.NoSuchElementException">
            <message>
              <![CDATA[no such element: Unable to locate element: {"method":"xpath","selector":"//img[@alt='Subramanyam G']"}
  (Session info: chrome=125.0.6422.142)
For documentation on this error, please visit: https://www.selenium.dev/documentation/webdriver/troubleshooting/errors#no-such-element-exception
Build info: version: '4.17.0', revision: 'e52b1be057*'
System info: os.name: 'Windows 10', os.arch: 'amd64', os.version: '10.0', java.version: '19.0.2'
Driver info: org.openqa.selenium.chrome.ChromeDriver
Command: [545ca4f41a063649db81e59f71bc9f7d, findElement {value=//img[@alt='Subramanyam G'], using=xpath}]
Capabilities {acceptInsecureCerts: false, browserName: chrome, browserVersion: 125.0.6422.142, chrome: {chromedriverVersion: 125.0.6422.141 (4b1e8393712..., userDataDir: C:\Users\Admin\AppData\Loca...}, fedcm:accounts: true, goog:chromeOptions: {debuggerAddress: localhost:57717}, networkConnectionEnabled: false, pageLoadStrategy: normal, platformName: windows, proxy: Proxy(), se:cdp: ws://localhost:57717/devtoo..., se:cdpVersion: 125.0.6422.142, setWindowRect: true, strictFileInteractability: false, timeouts: {implicit: 0, pageLoad: 300000, script: 30000}, unhandledPromptBehavior: dismiss and notify, webauthn:extension:credBlob: true, webauthn:extension:largeBlob: true, webauthn:extension:minPinLength: true, webauthn:extension:prf: true, webauthn:virtualAuthenticators: true}
Session ID: 545ca4f41a063649db81e59f71bc9f7d]]>
            </message>
            <full-stacktrace>
              <![CDATA[org.openqa.selenium.NoSuchElementException: no such element: Unable to locate element: {"method":"xpath","selector":"//img[@alt='Subramanyam G']"}
  (Session info: chrome=125.0.6422.142)
For documentation on this error, please visit: https://www.selenium.dev/documentation/webdriver/troubleshooting/errors#no-such-element-exception
Build info: version: '4.17.0', revision: 'e52b1be057*'
System info: os.name: 'Windows 10', os.arch: 'amd64', os.version: '10.0', java.version: '19.0.2'
Driver info: org.openqa.selenium.chrome.ChromeDriver
Command: [545ca4f41a063649db81e59f71bc9f7d, findElement {value=//img[@alt='Subramanyam G'], using=xpath}]
Capabilities {acceptInsecureCerts: false, browserName: chrome, browserVersion: 125.0.6422.142, chrome: {chromedriverVersion: 125.0.6422.141 (4b1e8393712..., userDataDir: C:\Users\Admin\AppData\Loca...}, fedcm:accounts: true, goog:chromeOptions: {debuggerAddress: localhost:57717}, networkConnectionEnabled: false, pageLoadStrategy: normal, platformName: windows, proxy: Proxy(), se:cdp: ws://localhost:57717/devtoo..., se:cdpVersion: 125.0.6422.142, setWindowRect: true, strictFileInteractability: false, timeouts: {implicit: 0, pageLoad: 300000, script: 30000}, unhandledPromptBehavior: dismiss and notify, webauthn:extension:credBlob: true, webauthn:extension:largeBlob: true, webauthn:extension:minPinLength: true, webauthn:extension:prf: true, webauthn:virtualAuthenticators: true}
Session ID: 545ca4f41a063649db81e59f71bc9f7d
at java.base/jdk.internal.reflect.DirectConstructorHandleAccessor.newInstance(DirectConstructorHandleAccessor.java:67)
at java.base/java.lang.reflect.Constructor.newInstanceWithCaller(Constructor.java:500)
at java.base/java.lang.reflect.Constructor.newInstance(Constructor.java:484)
at org.openqa.selenium.remote.codec.w3c.W3CHttpResponseCodec.createException(W3CHttpResponseCodec.java:185)
at org.openqa.selenium.remote.codec.w3c.W3CHttpResponseCodec.decode(W3CHttpResponseCodec.java:134)
at org.openqa.selenium.remote.codec.w3c.W3CHttpResponseCodec.decode(W3CHttpResponseCodec.java:51)
at org.openqa.selenium.remote.HttpCommandExecutor.execute(HttpCommandExecutor.java:190)
at org.openqa.selenium.remote.service.DriverCommandExecutor.invokeExecute(DriverCommandExecutor.java:216)
at org.openqa.selenium.remote.service.DriverCommandExecutor.execute(DriverCommandExecutor.java:174)
at org.openqa.selenium.remote.RemoteWebDriver.execute(RemoteWebDriver.java:519)
at org.openqa.selenium.remote.ElementLocation$ElementFinder$2.findElement(ElementLocation.java:165)
at org.openqa.selenium.remote.ElementLocation.findElement(ElementLocation.java:59)
at org.openqa.selenium.remote.RemoteWebDriver.findElement(RemoteWebDriver.java:356)
at org.openqa.selenium.remote.RemoteWebDriver.findElement(RemoteWebDriver.java:350)
at userpage.TeluguSubject.TeluguValidation(TeluguSubject.java:182)
at userpagetest.UserPageTest.TestCase12(UserPageTest.java:160)
at java.base/jdk.internal.reflect.DirectMethodHandleAccessor.invoke(DirectMethodHandleAccessor.java:104)
at java.base/java.lang.reflect.Method.invoke(Method.java:578)
at org.testng.internal.MethodInvocationHelper.invokeMethod(MethodInvocationHelper.java:133)
at org.testng.internal.TestInvoker.invokeMethod(TestInvoker.java:598)
at org.testng.internal.TestInvoker.invokeTestMethod(TestInvoker.java:173)
at org.testng.internal.MethodRunner.runInSequence(MethodRunner.java:46)
at org.testng.internal.TestInvoker$MethodInvocationAgent.invoke(TestInvoker.java:824)
at org.testng.internal.TestInvoker.invokeTestMethods(TestInvoker.java:146)
at org.testng.internal.TestMethodWorker.invokeTestMethods(TestMethodWorker.java:146)
at org.testng.internal.TestMethodWorker.run(TestMethodWorker.java:128)
at java.base/java.util.ArrayList.forEach(ArrayList.java:1511)
at org.testng.TestRunner.privateRun(TestRunner.java:794)
at org.testng.TestRunner.run(TestRunner.java:596)
at org.testng.SuiteRunner.runTest(SuiteRunner.java:377)
at org.testng.SuiteRunner.runSequentially(SuiteRunner.java:371)
at org.testng.SuiteRunner.privateRun(SuiteRunner.java:332)
at org.testng.SuiteRunner.run(SuiteRunner.java:276)
at org.testng.SuiteRunnerWorker.runSuite(SuiteRunnerWorker.java:53)
at org.testng.SuiteRunnerWorker.run(SuiteRunnerWorker.java:96)
at org.testng.TestNG.runSuitesSequentially(TestNG.java:1212)
at org.testng.TestNG.runSuitesLocally(TestNG.java:1134)
at org.testng.TestNG.runSuites(TestNG.java:1063)
at org.testng.TestNG.run(TestNG.java:1031)
at org.testng.remote.AbstractRemoteTestNG.run(AbstractRemoteTestNG.java:115)
at org.testng.remote.RemoteTestNG.initAndRun(RemoteTestNG.java:251)
at org.testng.remote.RemoteTestNG.main(RemoteTestNG.java:77)
]]>
            </full-stacktrace>
          </exception> <!-- org.openqa.selenium.NoSuchElementException -->
          <reporter-output>
          </reporter-output>
        </test-method> <!-- TestCase12 -->
        <test-method is-config="true" signature="CloseApp()[pri:0, instance:userpagetest.UserPageTest@1d2adfbe]" started-at="2024-06-12T12:11:29 IST" name="CloseApp" finished-at="2024-06-12T12:11:29 IST" duration-ms="332" status="PASS">
          <reporter-output>
          </reporter-output>
        </test-method> <!-- CloseApp -->
        <test-method is-config="true" signature="StartApp()[pri:0, instance:userpagetest.UserPageTest@1d2adfbe]" started-at="2024-06-12T12:11:29 IST" name="StartApp" finished-at="2024-06-12T12:11:34 IST" duration-ms="4812" status="PASS">
          <reporter-output>
          </reporter-output>
        </test-method> <!-- StartApp -->
        <test-method signature="TestCase13()[pri:13, instance:userpagetest.UserPageTest@1d2adfbe]" started-at="2024-06-12T12:11:34 IST" name="TestCase13" finished-at="2024-06-12T12:12:20 IST" duration-ms="45636" status="PASS">
          <reporter-output>
          </reporter-output>
        </test-method> <!-- TestCase13 -->
        <test-method is-config="true" signature="CloseApp()[pri:0, instance:userpagetest.UserPageTest@1d2adfbe]" started-at="2024-06-12T12:12:20 IST" name="CloseApp" finished-at="2024-06-12T12:12:20 IST" duration-ms="322" status="PASS">
          <reporter-output>
          </reporter-output>
        </test-method> <!-- CloseApp -->
        <test-method is-config="true" signature="StartApp()[pri:0, instance:userpagetest.UserPageTest@1d2adfbe]" started-at="2024-06-12T12:12:20 IST" name="StartApp" finished-at="2024-06-12T12:12:25 IST" duration-ms="5374" status="PASS">
          <reporter-output>
          </reporter-output>
        </test-method> <!-- StartApp -->
        <test-method signature="TestCase14()[pri:14, instance:userpagetest.UserPageTest@1d2adfbe]" started-at="2024-06-12T12:12:25 IST" name="TestCase14" finished-at="2024-06-12T12:13:12 IST" duration-ms="46383" status="PASS">
          <reporter-output>
          </reporter-output>
        </test-method> <!-- TestCase14 -->
        <test-method is-config="true" signature="CloseApp()[pri:0, instance:userpagetest.UserPageTest@1d2adfbe]" started-at="2024-06-12T12:13:12 IST" name="CloseApp" finished-at="2024-06-12T12:13:12 IST" duration-ms="317" status="PASS">
          <reporter-output>
          </reporter-output>
        </test-method> <!-- CloseApp -->
        <test-method is-config="true" signature="StartApp()[pri:0, instance:userpagetest.UserPageTest@1d2adfbe]" started-at="2024-06-12T12:13:12 IST" name="StartApp" finished-at="2024-06-12T12:13:19 IST" duration-ms="7184" status="PASS">
          <reporter-output>
          </reporter-output>
        </test-method> <!-- StartApp -->
        <test-method signature="TestCase15()[pri:15, instance:userpagetest.UserPageTest@1d2adfbe]" started-at="2024-06-12T12:13:19 IST" name="TestCase15" finished-at="2024-06-12T12:14:05 IST" duration-ms="46053" status="PASS">
          <reporter-output>
          </reporter-output>
        </test-method> <!-- TestCase15 -->
        <test-method is-config="true" signature="CloseApp()[pri:0, instance:userpagetest.UserPageTest@1d2adfbe]" started-at="2024-06-12T12:14:05 IST" name="CloseApp" finished-at="2024-06-12T12:14:06 IST" duration-ms="293" status="PASS">
          <reporter-output>
          </reporter-output>
        </test-method> <!-- CloseApp -->
        <test-method is-config="true" signature="StartApp()[pri:0, instance:userpagetest.UserPageTest@1d2adfbe]" started-at="2024-06-12T12:14:06 IST" name="StartApp" finished-at="2024-06-12T12:14:12 IST" duration-ms="6114" status="PASS">
          <reporter-output>
          </reporter-output>
        </test-method> <!-- StartApp -->
        <test-method signature="TestCase16()[pri:16, instance:userpagetest.UserPageTest@1d2adfbe]" started-at="2024-06-12T12:14:12 IST" name="TestCase16" finished-at="2024-06-12T12:14:41 IST" duration-ms="28972" status="FAIL">
          <exception class="org.openqa.selenium.StaleElementReferenceException">
            <message>
              <![CDATA[stale element reference: stale element not found in the current frame
  (Session info: chrome=125.0.6422.142)
For documentation on this error, please visit: https://www.selenium.dev/documentation/webdriver/troubleshooting/errors#stale-element-reference-exception
Build info: version: '4.17.0', revision: 'e52b1be057*'
System info: os.name: 'Windows 10', os.arch: 'amd64', os.version: '10.0', java.version: '19.0.2'
Driver info: org.openqa.selenium.chrome.ChromeDriver
Command: [22f2c126fba663608e56c3716069fbb3, getElementText {id=f.0ABB08CC53098C5500E325D47A6CA494.d.AD064736342B4D8C60F9ADB385576489.e.47}]
Capabilities {acceptInsecureCerts: false, browserName: chrome, browserVersion: 125.0.6422.142, chrome: {chromedriverVersion: 125.0.6422.141 (4b1e8393712..., userDataDir: C:\Users\Admin\AppData\Loca...}, fedcm:accounts: true, goog:chromeOptions: {debuggerAddress: localhost:57968}, networkConnectionEnabled: false, pageLoadStrategy: normal, platformName: windows, proxy: Proxy(), se:cdp: ws://localhost:57968/devtoo..., se:cdpVersion: 125.0.6422.142, setWindowRect: true, strictFileInteractability: false, timeouts: {implicit: 0, pageLoad: 300000, script: 30000}, unhandledPromptBehavior: dismiss and notify, webauthn:extension:credBlob: true, webauthn:extension:largeBlob: true, webauthn:extension:minPinLength: true, webauthn:extension:prf: true, webauthn:virtualAuthenticators: true}
Element: [[ChromeDriver: chrome on windows (22f2c126fba663608e56c3716069fbb3)] -> xpath: //p[contains(text(),'Hello! My name is Danesh D, and I have 6 years of ')]]
Session ID: 22f2c126fba663608e56c3716069fbb3]]>
            </message>
            <full-stacktrace>
              <![CDATA[org.openqa.selenium.StaleElementReferenceException: stale element reference: stale element not found in the current frame
  (Session info: chrome=125.0.6422.142)
For documentation on this error, please visit: https://www.selenium.dev/documentation/webdriver/troubleshooting/errors#stale-element-reference-exception
Build info: version: '4.17.0', revision: 'e52b1be057*'
System info: os.name: 'Windows 10', os.arch: 'amd64', os.version: '10.0', java.version: '19.0.2'
Driver info: org.openqa.selenium.chrome.ChromeDriver
Command: [22f2c126fba663608e56c3716069fbb3, getElementText {id=f.0ABB08CC53098C5500E325D47A6CA494.d.AD064736342B4D8C60F9ADB385576489.e.47}]
Capabilities {acceptInsecureCerts: false, browserName: chrome, browserVersion: 125.0.6422.142, chrome: {chromedriverVersion: 125.0.6422.141 (4b1e8393712..., userDataDir: C:\Users\Admin\AppData\Loca...}, fedcm:accounts: true, goog:chromeOptions: {debuggerAddress: localhost:57968}, networkConnectionEnabled: false, pageLoadStrategy: normal, platformName: windows, proxy: Proxy(), se:cdp: ws://localhost:57968/devtoo..., se:cdpVersion: 125.0.6422.142, setWindowRect: true, strictFileInteractability: false, timeouts: {implicit: 0, pageLoad: 300000, script: 30000}, unhandledPromptBehavior: dismiss and notify, webauthn:extension:credBlob: true, webauthn:extension:largeBlob: true, webauthn:extension:minPinLength: true, webauthn:extension:prf: true, webauthn:virtualAuthenticators: true}
Element: [[ChromeDriver: chrome on windows (22f2c126fba663608e56c3716069fbb3)] -> xpath: //p[contains(text(),'Hello! My name is Danesh D, and I have 6 years of ')]]
Session ID: 22f2c126fba663608e56c3716069fbb3
at java.base/jdk.internal.reflect.DirectConstructorHandleAccessor.newInstance(DirectConstructorHandleAccessor.java:67)
at java.base/java.lang.reflect.Constructor.newInstanceWithCaller(Constructor.java:500)
at java.base/java.lang.reflect.Constructor.newInstance(Constructor.java:484)
at org.openqa.selenium.remote.codec.w3c.W3CHttpResponseCodec.createException(W3CHttpResponseCodec.java:185)
at org.openqa.selenium.remote.codec.w3c.W3CHttpResponseCodec.decode(W3CHttpResponseCodec.java:134)
at org.openqa.selenium.remote.codec.w3c.W3CHttpResponseCodec.decode(W3CHttpResponseCodec.java:51)
at org.openqa.selenium.remote.HttpCommandExecutor.execute(HttpCommandExecutor.java:190)
at org.openqa.selenium.remote.service.DriverCommandExecutor.invokeExecute(DriverCommandExecutor.java:216)
at org.openqa.selenium.remote.service.DriverCommandExecutor.execute(DriverCommandExecutor.java:174)
at org.openqa.selenium.remote.RemoteWebDriver.execute(RemoteWebDriver.java:519)
at org.openqa.selenium.remote.RemoteWebElement.execute(RemoteWebElement.java:223)
at org.openqa.selenium.remote.RemoteWebElement.getText(RemoteWebElement.java:191)
at userpage.ChessActivity.ChessValidation(ChessActivity.java:219)
at userpagetest.UserPageTest.TestCase16(UserPageTest.java:204)
at java.base/jdk.internal.reflect.DirectMethodHandleAccessor.invoke(DirectMethodHandleAccessor.java:104)
at java.base/java.lang.reflect.Method.invoke(Method.java:578)
at org.testng.internal.MethodInvocationHelper.invokeMethod(MethodInvocationHelper.java:133)
at org.testng.internal.TestInvoker.invokeMethod(TestInvoker.java:598)
at org.testng.internal.TestInvoker.invokeTestMethod(TestInvoker.java:173)
at org.testng.internal.MethodRunner.runInSequence(MethodRunner.java:46)
at org.testng.internal.TestInvoker$MethodInvocationAgent.invoke(TestInvoker.java:824)
at org.testng.internal.TestInvoker.invokeTestMethods(TestInvoker.java:146)
at org.testng.internal.TestMethodWorker.invokeTestMethods(TestMethodWorker.java:146)
at org.testng.internal.TestMethodWorker.run(TestMethodWorker.java:128)
at java.base/java.util.ArrayList.forEach(ArrayList.java:1511)
at org.testng.TestRunner.privateRun(TestRunner.java:794)
at org.testng.TestRunner.run(TestRunner.java:596)
at org.testng.SuiteRunner.runTest(SuiteRunner.java:377)
at org.testng.SuiteRunner.runSequentially(SuiteRunner.java:371)
at org.testng.SuiteRunner.privateRun(SuiteRunner.java:332)
at org.testng.SuiteRunner.run(SuiteRunner.java:276)
at org.testng.SuiteRunnerWorker.runSuite(SuiteRunnerWorker.java:53)
at org.testng.SuiteRunnerWorker.run(SuiteRunnerWorker.java:96)
at org.testng.TestNG.runSuitesSequentially(TestNG.java:1212)
at org.testng.TestNG.runSuitesLocally(TestNG.java:1134)
at org.testng.TestNG.runSuites(TestNG.java:1063)
at org.testng.TestNG.run(TestNG.java:1031)
at org.testng.remote.AbstractRemoteTestNG.run(AbstractRemoteTestNG.java:115)
at org.testng.remote.RemoteTestNG.initAndRun(RemoteTestNG.java:251)
at org.testng.remote.RemoteTestNG.main(RemoteTestNG.java:77)
]]>
            </full-stacktrace>
          </exception> <!-- org.openqa.selenium.StaleElementReferenceException -->
          <reporter-output>
          </reporter-output>
        </test-method> <!-- TestCase16 -->
        <test-method is-config="true" signature="CloseApp()[pri:0, instance:userpagetest.UserPageTest@1d2adfbe]" started-at="2024-06-12T12:14:41 IST" name="CloseApp" finished-at="2024-06-12T12:14:41 IST" duration-ms="321" status="PASS">
          <reporter-output>
          </reporter-output>
        </test-method> <!-- CloseApp -->
        <test-method is-config="true" signature="StartApp()[pri:0, instance:userpagetest.UserPageTest@1d2adfbe]" started-at="2024-06-12T12:14:41 IST" name="StartApp" finished-at="2024-06-12T12:14:46 IST" duration-ms="5340" status="PASS">
          <reporter-output>
          </reporter-output>
        </test-method> <!-- StartApp -->
        <test-method signature="TestCase17()[pri:17, instance:userpagetest.UserPageTest@1d2adfbe]" started-at="2024-06-12T12:14:46 IST" name="TestCase17" finished-at="2024-06-12T12:15:32 IST" duration-ms="45303" status="PASS">
          <reporter-output>
          </reporter-output>
        </test-method> <!-- TestCase17 -->
        <test-method is-config="true" signature="CloseApp()[pri:0, instance:userpagetest.UserPageTest@1d2adfbe]" started-at="2024-06-12T12:15:32 IST" name="CloseApp" finished-at="2024-06-12T12:15:32 IST" duration-ms="313" status="PASS">
          <reporter-output>
          </reporter-output>
        </test-method> <!-- CloseApp -->
        <test-method is-config="true" signature="StartApp()[pri:0, instance:userpagetest.UserPageTest@1d2adfbe]" started-at="2024-06-12T12:15:32 IST" name="StartApp" finished-at="2024-06-12T12:15:38 IST" duration-ms="6184" status="PASS">
          <reporter-output>
          </reporter-output>
        </test-method> <!-- StartApp -->
        <test-method signature="TestCase18()[pri:18, instance:userpagetest.UserPageTest@1d2adfbe]" started-at="2024-06-12T12:15:38 IST" name="TestCase18" finished-at="2024-06-12T12:16:26 IST" duration-ms="47515" status="PASS">
          <reporter-output>
          </reporter-output>
        </test-method> <!-- TestCase18 -->
        <test-method is-config="true" signature="CloseApp()[pri:0, instance:userpagetest.UserPageTest@1d2adfbe]" started-at="2024-06-12T12:16:26 IST" name="CloseApp" finished-at="2024-06-12T12:16:26 IST" duration-ms="303" status="PASS">
          <reporter-output>
          </reporter-output>
        </test-method> <!-- CloseApp -->
        <test-method is-config="true" signature="StartApp()[pri:0, instance:userpagetest.UserPageTest@1d2adfbe]" started-at="2024-06-12T12:16:26 IST" name="StartApp" finished-at="2024-06-12T12:16:32 IST" duration-ms="5741" status="PASS">
          <reporter-output>
          </reporter-output>
        </test-method> <!-- StartApp -->
        <test-method signature="TestCase19()[pri:19, instance:userpagetest.UserPageTest@1d2adfbe]" started-at="2024-06-12T12:16:32 IST" name="TestCase19" finished-at="2024-06-12T12:17:18 IST" duration-ms="46486" status="PASS">
          <reporter-output>
          </reporter-output>
        </test-method> <!-- TestCase19 -->
        <test-method is-config="true" signature="CloseApp()[pri:0, instance:userpagetest.UserPageTest@1d2adfbe]" started-at="2024-06-12T12:17:18 IST" name="CloseApp" finished-at="2024-06-12T12:17:19 IST" duration-ms="317" status="PASS">
          <reporter-output>
          </reporter-output>
        </test-method> <!-- CloseApp -->
        <test-method is-config="true" signature="StartApp()[pri:0, instance:userpagetest.UserPageTest@1d2adfbe]" started-at="2024-06-12T12:17:19 IST" name="StartApp" finished-at="2024-06-12T12:17:23 IST" duration-ms="4597" status="PASS">
          <reporter-output>
          </reporter-output>
        </test-method> <!-- StartApp -->
        <test-method signature="TestCase20()[pri:20, instance:userpagetest.UserPageTest@1d2adfbe]" started-at="2024-06-12T12:17:23 IST" name="TestCase20" finished-at="2024-06-12T12:18:10 IST" duration-ms="46415" status="PASS">
          <reporter-output>
          </reporter-output>
        </test-method> <!-- TestCase20 -->
        <test-method is-config="true" signature="CloseApp()[pri:0, instance:userpagetest.UserPageTest@1d2adfbe]" started-at="2024-06-12T12:18:10 IST" name="CloseApp" finished-at="2024-06-12T12:18:10 IST" duration-ms="311" status="PASS">
          <reporter-output>
          </reporter-output>
        </test-method> <!-- CloseApp -->
        <test-method is-config="true" signature="StartApp()[pri:0, instance:userpagetest.UserPageTest@1d2adfbe]" started-at="2024-06-12T12:18:10 IST" name="StartApp" finished-at="2024-06-12T12:18:16 IST" duration-ms="6509" status="PASS">
          <reporter-output>
          </reporter-output>
        </test-method> <!-- StartApp -->
        <test-method signature="TestCase21()[pri:21, instance:userpagetest.UserPageTest@1d2adfbe]" started-at="2024-06-12T12:18:16 IST" name="TestCase21" finished-at="2024-06-12T12:18:32 IST" duration-ms="15701" status="PASS">
          <reporter-output>
          </reporter-output>
        </test-method> <!-- TestCase21 -->
        <test-method is-config="true" signature="CloseApp()[pri:0, instance:userpagetest.UserPageTest@1d2adfbe]" started-at="2024-06-12T12:18:32 IST" name="CloseApp" finished-at="2024-06-12T12:18:32 IST" duration-ms="336" status="PASS">
          <reporter-output>
          </reporter-output>
        </test-method> <!-- CloseApp -->
        <test-method is-config="true" signature="StartApp()[pri:0, instance:userpagetest.UserPageTest@1d2adfbe]" started-at="2024-06-12T12:18:32 IST" name="StartApp" finished-at="2024-06-12T12:18:37 IST" duration-ms="4633" status="PASS">
          <reporter-output>
          </reporter-output>
        </test-method> <!-- StartApp -->
        <test-method signature="TestCase22()[pri:22, instance:userpagetest.UserPageTest@1d2adfbe]" started-at="2024-06-12T12:18:37 IST" name="TestCase22" finished-at="2024-06-12T12:18:53 IST" duration-ms="15580" status="PASS">
          <reporter-output>
          </reporter-output>
        </test-method> <!-- TestCase22 -->
        <test-method is-config="true" signature="CloseApp()[pri:0, instance:userpagetest.UserPageTest@1d2adfbe]" started-at="2024-06-12T12:18:53 IST" name="CloseApp" finished-at="2024-06-12T12:18:53 IST" duration-ms="343" status="PASS">
          <reporter-output>
          </reporter-output>
        </test-method> <!-- CloseApp -->
        <test-method is-config="true" signature="StartApp()[pri:0, instance:userpagetest.UserPageTest@1d2adfbe]" started-at="2024-06-12T12:18:53 IST" name="StartApp" finished-at="2024-06-12T12:18:58 IST" duration-ms="4634" status="PASS">
          <reporter-output>
          </reporter-output>
        </test-method> <!-- StartApp -->
        <test-method signature="TestCase23()[pri:23, instance:userpagetest.UserPageTest@1d2adfbe]" started-at="2024-06-12T12:18:58 IST" name="TestCase23" finished-at="2024-06-12T12:19:14 IST" duration-ms="16056" status="PASS">
          <reporter-output>
          </reporter-output>
        </test-method> <!-- TestCase23 -->
        <test-method is-config="true" signature="CloseApp()[pri:0, instance:userpagetest.UserPageTest@1d2adfbe]" started-at="2024-06-12T12:19:14 IST" name="CloseApp" finished-at="2024-06-12T12:19:14 IST" duration-ms="403" status="PASS">
          <reporter-output>
          </reporter-output>
        </test-method> <!-- CloseApp -->
        <test-method is-config="true" signature="StartApp()[pri:0, instance:userpagetest.UserPageTest@1d2adfbe]" started-at="2024-06-12T12:19:14 IST" name="StartApp" finished-at="2024-06-12T12:19:18 IST" duration-ms="4421" status="PASS">
          <reporter-output>
          </reporter-output>
        </test-method> <!-- StartApp -->
        <test-method signature="TestCase24()[pri:24, instance:userpagetest.UserPageTest@1d2adfbe]" started-at="2024-06-12T12:19:18 IST" name="TestCase24" finished-at="2024-06-12T12:19:32 IST" duration-ms="13489" status="PASS">
          <reporter-output>
          </reporter-output>
        </test-method> <!-- TestCase24 -->
        <test-method is-config="true" signature="CloseApp()[pri:0, instance:userpagetest.UserPageTest@1d2adfbe]" started-at="2024-06-12T12:19:32 IST" name="CloseApp" finished-at="2024-06-12T12:19:32 IST" duration-ms="347" status="PASS">
          <reporter-output>
          </reporter-output>
        </test-method> <!-- CloseApp -->
      </class> <!-- userpagetest.UserPageTest -->
    </test> <!-- Default test -->
  </suite> <!-- Default suite -->
</testng-results>
